0 info it worked if it ends with ok
1 verbose cli [ '/usr/local/bin/node',
1 verbose cli   '/usr/local/bin/npm',
1 verbose cli   'install',
1 verbose cli   'jake',
1 verbose cli   '-g' ]
2 info using npm@2.14.7
3 info using node@v4.2.1
4 verbose install initial load of /usr/local/lib/package.json
5 verbose readDependencies loading dependencies from /usr/local/lib/package.json
6 silly cache add args [ 'jake', null ]
7 verbose cache add spec jake
8 silly cache add parsed spec Result {
8 silly cache add   raw: 'jake',
8 silly cache add   scope: null,
8 silly cache add   name: 'jake',
8 silly cache add   rawSpec: '',
8 silly cache add   spec: '*',
8 silly cache add   type: 'range' }
9 silly addNamed jake@*
10 verbose addNamed "*" is a valid semver range for jake
11 silly addNameRange { name: 'jake', range: '*', hasData: false }
12 silly mapToRegistry name jake
13 silly mapToRegistry using default registry
14 silly mapToRegistry registry https://registry.npmjs.org/
15 silly mapToRegistry uri https://registry.npmjs.org/jake
16 verbose addNameRange registry:https://registry.npmjs.org/jake not in flight; fetching
17 verbose request uri https://registry.npmjs.org/jake
18 verbose request no auth needed
19 info attempt registry request try #1 at 11:30:14 AM
20 verbose request id 8a2c362effed3da3
21 http request GET https://registry.npmjs.org/jake
22 http 200 https://registry.npmjs.org/jake
23 verbose headers { server: 'CouchDB/1.5.0 (Erlang OTP/R16B03)',
23 verbose headers   etag: '"93SZO91W3UZZRIDUQ2K24T3Y1"',
23 verbose headers   'content-type': 'application/json',
23 verbose headers   'cache-control': 'max-age=60',
23 verbose headers   'content-length': '107469',
23 verbose headers   'accept-ranges': 'bytes',
23 verbose headers   date: 'Mon, 26 Oct 2015 15:30:15 GMT',
23 verbose headers   via: '1.1 varnish',
23 verbose headers   age: '0',
23 verbose headers   connection: 'keep-alive',
23 verbose headers   'x-served-by': 'cache-dfw1826-DFW',
23 verbose headers   'x-cache': 'MISS',
23 verbose headers   'x-cache-hits': '0',
23 verbose headers   'x-timer': 'S1445873415.126395,VS0,VE90',
23 verbose headers   vary: 'Accept' }
24 silly get cb [ 200,
24 silly get   { server: 'CouchDB/1.5.0 (Erlang OTP/R16B03)',
24 silly get     etag: '"93SZO91W3UZZRIDUQ2K24T3Y1"',
24 silly get     'content-type': 'application/json',
24 silly get     'cache-control': 'max-age=60',
24 silly get     'content-length': '107469',
24 silly get     'accept-ranges': 'bytes',
24 silly get     date: 'Mon, 26 Oct 2015 15:30:15 GMT',
24 silly get     via: '1.1 varnish',
24 silly get     age: '0',
24 silly get     connection: 'keep-alive',
24 silly get     'x-served-by': 'cache-dfw1826-DFW',
24 silly get     'x-cache': 'MISS',
24 silly get     'x-cache-hits': '0',
24 silly get     'x-timer': 'S1445873415.126395,VS0,VE90',
24 silly get     vary: 'Accept' } ]
25 verbose get saving jake to /Users/blakeroyer/.npm/registry.npmjs.org/jake/.cache.json
26 verbose makeDirectory /Users/blakeroyer/.npm creation not in flight; initializing
27 silly makeDirectory /Users/blakeroyer/.npm uid: 501 gid: 20
28 silly addNameRange number 2 { name: 'jake', range: '*', hasData: true }
29 silly addNameRange versions [ 'jake',
29 silly addNameRange   [ '0.1.0',
29 silly addNameRange     '0.1.2',
29 silly addNameRange     '0.1.3',
29 silly addNameRange     '0.1.4',
29 silly addNameRange     '0.1.5',
29 silly addNameRange     '0.1.6',
29 silly addNameRange     '0.1.7',
29 silly addNameRange     '0.1.8',
29 silly addNameRange     '0.1.9',
29 silly addNameRange     '0.1.10',
29 silly addNameRange     '0.1.11',
29 silly addNameRange     '0.1.12',
29 silly addNameRange     '0.1.13',
29 silly addNameRange     '0.1.14',
29 silly addNameRange     '0.1.16',
29 silly addNameRange     '0.1.17',
29 silly addNameRange     '0.1.18',
29 silly addNameRange     '0.1.19',
29 silly addNameRange     '0.1.20',
29 silly addNameRange     '0.1.21',
29 silly addNameRange     '0.1.22',
29 silly addNameRange     '0.2.2',
29 silly addNameRange     '0.2.3',
29 silly addNameRange     '0.2.6',
29 silly addNameRange     '0.2.7',
29 silly addNameRange     '0.2.8',
29 silly addNameRange     '0.2.9',
29 silly addNameRange     '0.2.10',
29 silly addNameRange     '0.2.11',
29 silly addNameRange     '0.2.12',
29 silly addNameRange     '0.2.15',
29 silly addNameRange     '0.2.18',
29 silly addNameRange     '0.2.19',
29 silly addNameRange     '0.2.20',
29 silly addNameRange     '0.2.21',
29 silly addNameRange     '0.2.22',
29 silly addNameRange     '0.2.23',
29 silly addNameRange     '0.2.24',
29 silly addNameRange     '0.2.25',
29 silly addNameRange     '0.2.27',
29 silly addNameRange     '0.2.28',
29 silly addNameRange     '0.2.29',
29 silly addNameRange     '0.2.30',
29 silly addNameRange     '0.2.31',
29 silly addNameRange     '0.2.32',
29 silly addNameRange     '0.2.33',
29 silly addNameRange     '0.2.35',
29 silly addNameRange     '0.3.1',
29 silly addNameRange     '0.3.2',
29 silly addNameRange     '0.3.3',
29 silly addNameRange     '0.3.4',
29 silly addNameRange     '0.3.5',
29 silly addNameRange     '0.3.6',
29 silly addNameRange     '0.3.7',
29 silly addNameRange     '0.3.8',
29 silly addNameRange     '0.3.9',
29 silly addNameRange     '0.3.10',
29 silly addNameRange     '0.3.11',
29 silly addNameRange     '0.3.12',
29 silly addNameRange     '0.3.13',
29 silly addNameRange     '0.3.14',
29 silly addNameRange     '0.3.15',
29 silly addNameRange     '0.3.16',
29 silly addNameRange     '0.3.17',
29 silly addNameRange     '0.4.1',
29 silly addNameRange     '0.4.2',
29 silly addNameRange     '0.5.1',
29 silly addNameRange     '0.5.2',
29 silly addNameRange     '0.5.3',
29 silly addNameRange     '0.5.4',
29 silly addNameRange     '0.5.5',
29 silly addNameRange     '0.5.6',
29 silly addNameRange     '0.5.7',
29 silly addNameRange     '0.5.8',
29 silly addNameRange     '0.5.9',
29 silly addNameRange     '0.5.10',
29 silly addNameRange     '0.5.11',
29 silly addNameRange     '0.5.12',
29 silly addNameRange     '0.5.13',
29 silly addNameRange     '0.5.14',
29 silly addNameRange     '0.5.15',
29 silly addNameRange     '0.5.16',
29 silly addNameRange     '0.5.17',
29 silly addNameRange     '0.5.18',
29 silly addNameRange     '0.6.1',
29 silly addNameRange     '0.6.3',
29 silly addNameRange     '0.6.4',
29 silly addNameRange     '0.6.5',
29 silly addNameRange     '0.6.6',
29 silly addNameRange     '0.6.7',
29 silly addNameRange     '0.6.8',
29 silly addNameRange     '0.6.9',
29 silly addNameRange     '0.6.10',
29 silly addNameRange     '0.6.11',
29 silly addNameRange     '0.6.12',
29 silly addNameRange     '0.7.1',
29 silly addNameRange     '0.7.2',
29 silly addNameRange     '0.7.3',
29 silly addNameRange     '0.7.4',
29 silly addNameRange     '0.7.5',
29 silly addNameRange     '0.7.6',
29 silly addNameRange     '0.7.7',
29 silly addNameRange     '0.7.8',
29 silly addNameRange     '0.7.9',
29 silly addNameRange     '0.7.10',
29 silly addNameRange     '0.7.11',
29 silly addNameRange     '0.7.12',
29 silly addNameRange     '0.7.13',
29 silly addNameRange     '0.7.14',
29 silly addNameRange     '0.7.15',
29 silly addNameRange     '0.7.16',
29 silly addNameRange     '0.7.17',
29 silly addNameRange     '0.7.18',
29 silly addNameRange     '0.7.19',
29 silly addNameRange     '0.7.20',
29 silly addNameRange     '8.0.1',
29 silly addNameRange     '8.0.2',
29 silly addNameRange     '8.0.3',
29 silly addNameRange     '8.0.4',
29 silly addNameRange     '8.0.5',
29 silly addNameRange     '8.0.6',
29 silly addNameRange     '8.0.8',
29 silly addNameRange     '8.0.9',
29 silly addNameRange     '8.0.10',
29 silly addNameRange     '8.0.11',
29 silly addNameRange     '8.0.12' ] ]
30 silly addNamed jake@8.0.12
31 verbose addNamed "8.0.12" is a plain semver version for jake
32 silly mapToRegistry name jake
33 silly mapToRegistry using default registry
34 silly mapToRegistry registry https://registry.npmjs.org/
35 silly mapToRegistry uri https://registry.npmjs.org/jake
36 verbose addRemoteTarball https://registry.npmjs.org/jake/-/jake-8.0.12.tgz not in flight; adding
37 verbose addRemoteTarball [ 'https://registry.npmjs.org/jake/-/jake-8.0.12.tgz',
37 verbose addRemoteTarball   '6074c542f6187eb647c3aee5621fee259c578edd' ]
38 info retry fetch attempt 1 at 11:30:15 AM
39 info attempt registry request try #1 at 11:30:15 AM
40 http fetch GET https://registry.npmjs.org/jake/-/jake-8.0.12.tgz
41 http fetch 200 https://registry.npmjs.org/jake/-/jake-8.0.12.tgz
42 silly fetchAndShaCheck shasum 6074c542f6187eb647c3aee5621fee259c578edd
43 verbose addTmpTarball /var/folders/99/8x8jgm8s5k3505ql2d2c_yj40000gn/T/npm-10703-438ee8f2/registry.npmjs.org/jake/-/jake-8.0.12.tgz not in flight; adding
44 verbose addTmpTarball already have metadata; skipping unpack for jake@8.0.12
45 silly cache afterAdd jake@8.0.12
46 verbose afterAdd /Users/blakeroyer/.npm/jake/8.0.12/package/package.json not in flight; writing
47 verbose afterAdd /Users/blakeroyer/.npm/jake/8.0.12/package/package.json written
48 silly install resolved [ { name: 'jake',
48 silly install resolved     description: 'JavaScript build tool, similar to Make or Rake',
48 silly install resolved     keywords: [ 'build', 'cli', 'make', 'rake' ],
48 silly install resolved     version: '8.0.12',
48 silly install resolved     author:
48 silly install resolved      { name: 'Matthew Eernisse',
48 silly install resolved        email: 'mde@fleegix.org',
48 silly install resolved        url: 'http://fleegix.org' },
48 silly install resolved     bin: { jake: './bin/cli.js' },
48 silly install resolved     main: './lib/jake.js',
48 silly install resolved     repository: { type: 'git', url: 'git://github.com/mde/jake.git' },
48 silly install resolved     preferGlobal: true,
48 silly install resolved     dependencies:
48 silly install resolved      { filelist: '0.0.x',
48 silly install resolved        minimatch: '0.2.x',
48 silly install resolved        chalk: '0.4.x',
48 silly install resolved        utilities: '1.0.x',
48 silly install resolved        async: '0.9.x' },
48 silly install resolved     devDependencies: { q: '0.9.x' },
48 silly install resolved     engines: { node: '*' },
48 silly install resolved     bugs: { url: 'https://github.com/mde/jake/issues' },
48 silly install resolved     homepage: 'https://github.com/mde/jake',
48 silly install resolved     _id: 'jake@8.0.12',
48 silly install resolved     _shasum: '6074c542f6187eb647c3aee5621fee259c578edd',
48 silly install resolved     _resolved: 'https://registry.npmjs.org/jake/-/jake-8.0.12.tgz',
48 silly install resolved     _from: 'jake@*',
48 silly install resolved     scripts: {},
48 silly install resolved     _npmVersion: '2.1.18',
48 silly install resolved     _nodeVersion: '0.10.35',
48 silly install resolved     _npmUser: { name: 'mde', email: 'mde@fleegix.org' },
48 silly install resolved     maintainers: [ [Object] ],
48 silly install resolved     dist:
48 silly install resolved      { shasum: '6074c542f6187eb647c3aee5621fee259c578edd',
48 silly install resolved        tarball: 'http://registry.npmjs.org/jake/-/jake-8.0.12.tgz' },
48 silly install resolved     directories: {} } ]
49 info install jake@8.0.12 into /usr/local/lib
50 info installOne jake@8.0.12
51 verbose installOne of jake to /usr/local/lib not in flight; installing
52 verbose makeDirectory /Users/blakeroyer/.npm/_locks creation not in flight; initializing
53 silly makeDirectory /Users/blakeroyer/.npm/_locks uid: 501 gid: 20
54 verbose lock using /Users/blakeroyer/.npm/_locks/jake-998507239f666ba5.lock for /usr/local/lib/node_modules/jake
55 silly install write writing jake 8.0.12 to /usr/local/lib/node_modules/jake
56 verbose unbuild lib/node_modules/jake
57 silly gentlyRm /usr/local/lib/node_modules/jake is being purged from base /usr/local
58 verbose gentlyRm don't care about contents; nuking /usr/local/lib/node_modules/jake
59 verbose tar unpack /Users/blakeroyer/.npm/jake/8.0.12/package.tgz
60 verbose tar unpacking to /usr/local/lib/node_modules/jake
61 silly gentlyRm /usr/local/lib/node_modules/jake is being purged
62 verbose gentlyRm don't care about contents; nuking /usr/local/lib/node_modules/jake
63 silly gunzTarPerm modes [ '755', '644' ]
64 error tar.unpack untar error /Users/blakeroyer/.npm/jake/8.0.12/package.tgz
65 verbose unlock done using /Users/blakeroyer/.npm/_locks/jake-998507239f666ba5.lock for /usr/local/lib/node_modules/jake
66 verbose fstream_path /usr/local/lib/node_modules/jake
67 verbose fstream_type Directory
68 verbose fstream_class DirWriter
69 verbose stack Error: EACCES: permission denied, mkdir '/usr/local/lib/node_modules/jake'
69 verbose stack     at Error (native)
70 verbose fstream_stack /usr/local/lib/node_modules/npm/node_modules/fstream/lib/dir-writer.js:35:25
70 verbose fstream_stack /usr/local/lib/node_modules/npm/node_modules/mkdirp/index.js:47:53
70 verbose fstream_stack FSReqWrap.oncomplete (fs.js:82:15)
71 verbose cwd /Users/blakeroyer/Dropbox/Code/how_to_tabs
72 error Darwin 15.0.0
73 error argv "/usr/local/bin/node" "/usr/local/bin/npm" "install" "jake" "-g"
74 error node v4.2.1
75 error npm  v2.14.7
76 error path /usr/local/lib/node_modules/jake
77 error code EACCES
78 error errno -13
79 error syscall mkdir
80 error Error: EACCES: permission denied, mkdir '/usr/local/lib/node_modules/jake'
80 error     at Error (native)
80 error  { [Error: EACCES: permission denied, mkdir '/usr/local/lib/node_modules/jake']
80 error   errno: -13,
80 error   code: 'EACCES',
80 error   syscall: 'mkdir',
80 error   path: '/usr/local/lib/node_modules/jake',
80 error   fstream_type: 'Directory',
80 error   fstream_path: '/usr/local/lib/node_modules/jake',
80 error   fstream_class: 'DirWriter',
80 error   fstream_stack:
80 error    [ '/usr/local/lib/node_modules/npm/node_modules/fstream/lib/dir-writer.js:35:25',
80 error      '/usr/local/lib/node_modules/npm/node_modules/mkdirp/index.js:47:53',
80 error      'FSReqWrap.oncomplete (fs.js:82:15)' ] }
81 error Please try running this command again as root/Administrator.
82 verbose exit [ -13, true ]
83 verbose unbuild lib/node_modules/jake
84 silly gentlyRm /usr/local/lib/node_modules/jake is being purged from base /usr/local
85 verbose gentlyRm don't care about contents; nuking /usr/local/lib/node_modules/jake
